2026-04-14 20:26:11 - trading_bot - DEBUG - Debug test message
2026-04-14 20:26:11 - trading_bot - INFO - Info test message
2026-04-14 20:26:11 - trading_bot - WARNING - Warning test message
2026-04-14 20:26:11 - trading_bot - ERROR - Error test message
2026-04-14 20:26:11 - trading_bot - INFO - Testing API request logging
2026-04-14 20:26:11 - trading_bot - DEBUG - API Request: POST /fapi/v1/order | Params: {symbol: BTCUSDT}
2026-04-14 20:26:11 - trading_bot - DEBUG - API Response: {orderId: 12345, status: NEW}
2026-04-14 21:27:14 - trading_bot - DEBUG - Debug test message
2026-04-14 21:27:14 - trading_bot - INFO - Info test message
2026-04-14 21:27:14 - trading_bot - WARNING - Warning test message
2026-04-14 21:27:14 - trading_bot - ERROR - Error test message
2026-04-14 21:27:14 - trading_bot - INFO - Testing API request logging
2026-04-14 21:27:14 - trading_bot - DEBUG - API Request: POST /fapi/v1/order | Params: {symbol: BTCUSDT}
2026-04-14 21:27:14 - trading_bot - DEBUG - API Response: {orderId: 12345, status: NEW}
2026-04-14 21:28:40 - trading_bot - INFO - Trading Bot CLI started
2026-04-14 21:28:40 - trading_bot - ERROR - Configuration error: BINANCE_API_KEY and BINANCE_API_SECRET environment variables are required
2026-04-14 21:28:40 - trading_bot - INFO - Trading Bot CLI exited with code: 1
2026-04-14 21:28:54 - trading_bot - INFO - Trading Bot CLI started
2026-04-14 21:28:54 - trading_bot - ERROR - Configuration error: BINANCE_API_KEY and BINANCE_API_SECRET environment variables are required
2026-04-14 21:28:54 - trading_bot - INFO - Trading Bot CLI exited with code: 1
2026-04-14 21:30:14 - trading_bot - INFO - Trading Bot CLI started
2026-04-14 21:30:14 - trading_bot - INFO - Client initialized, attempting to place order
2026-04-14 21:30:14 - trading_bot - INFO - Placing MARKET order: BTCUSDT BUY 0.1
2026-04-14 21:30:14 - trading_bot - INFO - Creating order: symbol=BTCUSDT, side=BUY, type=MARKET, qty=0.1, price=None
2026-04-14 21:30:14 - trading_bot - DEBUG - API Request: POST /fapi/v1/order | Params: {'symbol': 'BTCUSDT', 'side': 'BUY', 'type': 'MARKET', 'quantity': 0.1, 'timestamp': 1776182414623, 'signature': 'd76c1002a5d1d6aa92198a49e3cbea4e4dc0345091228eae2a6232145cf5e695'}
2026-04-14 21:30:15 - trading_bot - DEBUG - API Response: {'orderId': 13034962452, 'symbol': 'BTCUSDT', 'status': 'NEW', 'clientOrderId': 'Su3cxfzCkvDzL3qv7VCY5g', 'price': '0.00', 'avgPrice': '0.00', 'origQty': '0.1000', 'executedQty': '0.0000', 'cumQty': '0.0000', 'cumQuote': '0.000000', 'timeInForce': 'GTC', 'type': 'MARKET', 'reduceOnly': False, 'closePosition': False, 'side': 'BUY', 'positionSide': 'BOTH', 'stopPrice': '0.00', 'workingType': 'CONTRACT_PRICE', 'priceProtect': False, 'origType': 'MARKET', 'priceMatch': 'NONE', 'selfTradePreventionMode': 'EXPIRE_MAKER', 'goodTillDate': 0, 'updateTime': 1776182415390}
2026-04-14 21:30:15 - trading_bot - INFO - Market order placed successfully: 13034962452
2026-04-14 21:30:15 - trading_bot - INFO - Order response extracted: {'orderId': 13034962452, 'status': 'NEW', 'executedQty': '0.0000', 'avgPrice': '0.00'}
2026-04-14 21:30:15 - trading_bot - INFO - Trading Bot CLI exited with code: 0
2026-04-14 22:50:02 - trading_bot - INFO - Trading Bot CLI started
2026-04-14 22:50:02 - trading_bot - INFO - Client initialized, attempting to place order
2026-04-14 22:50:02 - trading_bot - INFO - Placing LIMIT order: ETHUSDT SELL 1.0 @ 2500.0
2026-04-14 22:50:02 - trading_bot - INFO - Creating order: symbol=ETHUSDT, side=SELL, type=LIMIT, qty=1.0, price=2500.0
2026-04-14 22:50:02 - trading_bot - DEBUG - API Request: POST /fapi/v1/order | Params: {'symbol': 'ETHUSDT', 'side': 'SELL', 'type': 'LIMIT', 'quantity': 1.0, 'price': 2500.0, 'timeInForce': 'GTC', 'timestamp': 1776187202845, 'signature': 'be5682ada03d8df1ff10a7fc2de188d7dacd50c092c441f45ee7b5d2ee02b016'}
2026-04-14 22:50:03 - trading_bot - DEBUG - API Response: {'orderId': 8643802110, 'symbol': 'ETHUSDT', 'status': 'NEW', 'clientOrderId': 'C6DNPBAh0HO1rhoze2y3eZ', 'price': '2500.00', 'avgPrice': '0.00', 'origQty': '1.000', 'executedQty': '0.000', 'cumQty': '0.000', 'cumQuote': '0.00000', 'timeInForce': 'GTC', 'type': 'LIMIT', 'reduceOnly': False, 'closePosition': False, 'side': 'SELL', 'positionSide': 'BOTH', 'stopPrice': '0.00', 'workingType': 'CONTRACT_PRICE', 'priceProtect': False, 'origType': 'LIMIT', 'priceMatch': 'NONE', 'selfTradePreventionMode': 'EXPIRE_MAKER', 'goodTillDate': 0, 'updateTime': 1776187203732}
2026-04-14 22:50:03 - trading_bot - INFO - Limit order placed successfully: 8643802110
2026-04-14 22:50:03 - trading_bot - INFO - Order response extracted: {'orderId': 8643802110, 'status': 'NEW', 'executedQty': '0.000', 'avgPrice': '0.00'}
2026-04-14 22:50:03 - trading_bot - INFO - Trading Bot CLI exited with code: 0
2026-04-14 23:22:53 - trading_bot - INFO - Trading Bot CLI started
2026-04-14 23:22:53 - trading_bot - INFO - Client initialized, attempting to place order
2026-04-14 23:22:53 - trading_bot - INFO - Placing MARKET order: BTCUSDT BUY 0.1
2026-04-14 23:22:53 - trading_bot - INFO - Creating order: symbol=BTCUSDT, side=BUY, type=MARKET, qty=0.1, price=None
2026-04-14 23:22:53 - trading_bot - DEBUG - API Request: POST /fapi/v1/order | Params: {'symbol': 'BTCUSDT', 'side': 'BUY', 'type': 'MARKET', 'quantity': 0.1, 'timestamp': 1776189173153, 'signature': 'de3a9af3720eb264fd0badeba826b3658d6e8813ef681c2aee4cc6d14667a98f'}
2026-04-14 23:22:53 - trading_bot - DEBUG - API Response: {'orderId': 13035232624, 'symbol': 'BTCUSDT', 'status': 'NEW', 'clientOrderId': 'MjQyUxZrLp4s5Qw2bbOLCE', 'price': '0.00', 'avgPrice': '0.00', 'origQty': '0.1000', 'executedQty': '0.0000', 'cumQty': '0.0000', 'cumQuote': '0.000000', 'timeInForce': 'GTC', 'type': 'MARKET', 'reduceOnly': False, 'closePosition': False, 'side': 'BUY', 'positionSide': 'BOTH', 'stopPrice': '0.00', 'workingType': 'CONTRACT_PRICE', 'priceProtect': False, 'origType': 'MARKET', 'priceMatch': 'NONE', 'selfTradePreventionMode': 'EXPIRE_MAKER', 'goodTillDate': 0, 'updateTime': 1776189174051}
2026-04-14 23:22:53 - trading_bot - INFO - Market order placed successfully: 13035232624
2026-04-14 23:22:53 - trading_bot - INFO - Order response extracted: {'orderId': 13035232624, 'status': 'NEW', 'executedQty': '0.0000', 'avgPrice': '0.00'}
2026-04-14 23:22:53 - trading_bot - INFO - Trading Bot CLI exited with code: 0
2026-04-14 23:23:03 - trading_bot - INFO - Trading Bot CLI started
2026-04-14 23:23:03 - trading_bot - INFO - Client initialized, attempting to place order
2026-04-14 23:23:03 - trading_bot - INFO - Placing MARKET order: ETHUSDT SELL 0.5
2026-04-14 23:23:03 - trading_bot - INFO - Creating order: symbol=ETHUSDT, side=SELL, type=MARKET, qty=0.5, price=None
2026-04-14 23:23:03 - trading_bot - DEBUG - API Request: POST /fapi/v1/order | Params: {'symbol': 'ETHUSDT', 'side': 'SELL', 'type': 'MARKET', 'quantity': 0.5, 'timestamp': 1776189183696, 'signature': '6c03383ba5099c4974f0f05af73349f08622bc51f77ba3cac370d50b06f4f421'}
2026-04-14 23:23:04 - trading_bot - DEBUG - API Response: {'orderId': 8643843486, 'symbol': 'ETHUSDT', 'status': 'NEW', 'clientOrderId': 'SF9yoUKFDrdFEWiyLTHqVk', 'price': '0.00', 'avgPrice': '0.00', 'origQty': '0.500', 'executedQty': '0.000', 'cumQty': '0.000', 'cumQuote': '0.00000', 'timeInForce': 'GTC', 'type': 'MARKET', 'reduceOnly': False, 'closePosition': False, 'side': 'SELL', 'positionSide': 'BOTH', 'stopPrice': '0.00', 'workingType': 'CONTRACT_PRICE', 'priceProtect': False, 'origType': 'MARKET', 'priceMatch': 'NONE', 'selfTradePreventionMode': 'EXPIRE_MAKER', 'goodTillDate': 0, 'updateTime': 1776189184915}
2026-04-14 23:23:04 - trading_bot - INFO - Market order placed successfully: 8643843486
2026-04-14 23:23:04 - trading_bot - INFO - Order response extracted: {'orderId': 8643843486, 'status': 'NEW', 'executedQty': '0.000', 'avgPrice': '0.00'}
2026-04-14 23:23:04 - trading_bot - INFO - Trading Bot CLI exited with code: 0
2026-04-14 23:23:15 - trading_bot - INFO - Trading Bot CLI started
2026-04-14 23:23:15 - trading_bot - INFO - Client initialized, attempting to place order
2026-04-14 23:23:15 - trading_bot - INFO - Placing LIMIT order: BNBUSDT BUY 1.0 @ 600.0
2026-04-14 23:23:15 - trading_bot - INFO - Creating order: symbol=BNBUSDT, side=BUY, type=LIMIT, qty=1.0, price=600.0
2026-04-14 23:23:15 - trading_bot - DEBUG - API Request: POST /fapi/v1/order | Params: {'symbol': 'BNBUSDT', 'side': 'BUY', 'type': 'LIMIT', 'quantity': 1.0, 'price': 600.0, 'timeInForce': 'GTC', 'timestamp': 1776189195499, 'signature': 'f5a3c5558c4576f81336636c31df80ff764ab58c641cd61e2fe2772a90535cff'}
2026-04-14 23:23:16 - trading_bot - DEBUG - API Response: {'orderId': 1338260056, 'symbol': 'BNBUSDT', 'status': 'NEW', 'clientOrderId': 'xB9JQsjLxKHF4sSxYJb9pw', 'price': '600.000', 'avgPrice': '0.00', 'origQty': '1.00', 'executedQty': '0.00', 'cumQty': '0.00', 'cumQuote': '0.00000', 'timeInForce': 'GTC', 'type': 'LIMIT', 'reduceOnly': False, 'closePosition': False, 'side': 'BUY', 'positionSide': 'BOTH', 'stopPrice': '0.000', 'workingType': 'CONTRACT_PRICE', 'priceProtect': False, 'origType': 'LIMIT', 'priceMatch': 'NONE', 'selfTradePreventionMode': 'EXPIRE_MAKER', 'goodTillDate': 0, 'updateTime': 1776189196501}
2026-04-14 23:23:16 - trading_bot - INFO - Limit order placed successfully: 1338260056
2026-04-14 23:23:16 - trading_bot - INFO - Order response extracted: {'orderId': 1338260056, 'status': 'NEW', 'executedQty': '0.00', 'avgPrice': '0.00'}
2026-04-14 23:23:16 - trading_bot - INFO - Trading Bot CLI exited with code: 0
2026-04-14 23:23:28 - trading_bot - INFO - Trading Bot CLI started
2026-04-14 23:23:28 - trading_bot - INFO - Client initialized, attempting to place order
2026-04-14 23:23:28 - trading_bot - INFO - Placing LIMIT order: XRPUSDT SELL 10.0 @ 2.5
2026-04-14 23:23:28 - trading_bot - INFO - Creating order: symbol=XRPUSDT, side=SELL, type=LIMIT, qty=10.0, price=2.5
2026-04-14 23:23:28 - trading_bot - DEBUG - API Request: POST /fapi/v1/order | Params: {'symbol': 'XRPUSDT', 'side': 'SELL', 'type': 'LIMIT', 'quantity': 10.0, 'price': 2.5, 'timeInForce': 'GTC', 'timestamp': 1776189208353, 'signature': 'c07075e076e26fac9216cd0dc33507fcc36ae8e38f542951bfa548f7bab51c2b'}
2026-04-14 23:23:29 - trading_bot - DEBUG - API Response: {'orderId': 1600520385, 'symbol': 'XRPUSDT', 'status': 'NEW', 'clientOrderId': 'ThvGJZOyfP1mHDUTC2O0wa', 'price': '2.5000', 'avgPrice': '0.00', 'origQty': '10.0', 'executedQty': '0.0', 'cumQty': '0.0', 'cumQuote': '0.00000', 'timeInForce': 'GTC', 'type': 'LIMIT', 'reduceOnly': False, 'closePosition': False, 'side': 'SELL', 'positionSide': 'BOTH', 'stopPrice': '0.0000', 'workingType': 'CONTRACT_PRICE', 'priceProtect': False, 'origType': 'LIMIT', 'priceMatch': 'NONE', 'selfTradePreventionMode': 'EXPIRE_MAKER', 'goodTillDate': 0, 'updateTime': 1776189209326}
2026-04-14 23:23:29 - trading_bot - INFO - Limit order placed successfully: 1600520385
2026-04-14 23:23:29 - trading_bot - INFO - Order response extracted: {'orderId': 1600520385, 'status': 'NEW', 'executedQty': '0.0', 'avgPrice': '0.00'}
2026-04-14 23:23:29 - trading_bot - INFO - Trading Bot CLI exited with code: 0
2026-04-14 23:30:02 - trading_bot - INFO - Trading Bot CLI started
